d:\documents\visual studio 2015\projects\homwork-10\homwork-10\debug\vc140.pdb
d:\documents\visual studio 2015\projects\homwork-10\homwork-10\debug\vc140.idb
d:\documents\visual studio 2015\projects\homwork-10\homwork-10\debug\homework-10 junjiefeng.obj
d:\documents\visual studio 2015\projects\homwork-10\homwork-10\debug\main_junjiefeng.obj
d:\documents\visual studio 2015\projects\homwork-10\homwork-10\debug\linkedlist_junjiefeng.obj
d:\documents\visual studio 2015\projects\homwork-10\homwork-10\debug\node_junjiefeng.obj
d:\documents\visual studio 2015\projects\homework-10\homwork-10\debug\vc140.pdb
d:\documents\visual studio 2015\projects\homework-10\homwork-10\debug\vc140.idb
d:\documents\visual studio 2015\projects\homework-10\homwork-10\debug\linkedlist_junjiefeng.obj
d:\documents\visual studio 2015\projects\homwork-10\debug\homwork-10.ilk
d:\documents\visual studio 2015\projects\homwork-10\debug\homwork-10.exe
d:\documents\visual studio 2015\projects\homwork-10\debug\homwork-10.pdb
d:\documents\visual studio 2015\projects\homework-10\homwork-10\debug\homework-10 junjiefeng.obj
d:\documents\visual studio 2015\projects\homework-10\debug\homwork-10.pdb
d:\documents\visual studio 2015\projects\homework-10\debug\homwork-10.exe
d:\documents\visual studio 2015\projects\homework-10\debug\homwork-10.ilk
d:\documents\visual studio 2015\projects\homework-10\homwork-10\debug\homwork-10.tlog\cl.command.1.tlog
d:\documents\visual studio 2015\projects\homework-10\homwork-10\debug\homwork-10.tlog\cl.read.1.tlog
d:\documents\visual studio 2015\projects\homework-10\homwork-10\debug\homwork-10.tlog\cl.write.1.tlog
d:\documents\visual studio 2015\projects\homework-10\homwork-10\debug\homwork-10.tlog\link.command.1.tlog
d:\documents\visual studio 2015\projects\homework-10\homwork-10\debug\homwork-10.tlog\link.read.1.tlog
d:\documents\visual studio 2015\projects\homework-10\homwork-10\debug\homwork-10.tlog\link.write.1.tlog
