生成启动时间为 2015/11/8 12:07:44。
     1>项目“D:\Documents\Visual Studio 2015\Projects\Homework-8\Homework-8\Homework-8.vcxproj”在节点 2 上(Rebuild 个目标)。
     1>ClCompile:
         D:\Visual Studio Commnity 2015\VC\bin\CL.exe /c /ZI /nologo /W3 /WX- /sdl /Od /Oy- /D WIN32 /D _DEBUG /D _CONSOLE /D _UNICODE /D UNICODE /Gm /EHsc /RTC1 /MDd /GS /fp:precise /Zc:wchar_t /Zc:forScope /Zc:inline /Fo"Debug\\" /Fd"Debug\vc140.pdb" /Gd /TP /analyze- /errorReport:prompt Circle.cpp Main.cpp Shape.cpp Sphere.cpp Tetrahedron.cpp ThreeDimensionalShape.cpp Triangle.cpp TwoDimensionalShape.cpp
         TwoDimensionalShape.cpp
         Triangle.cpp
         ThreeDimensionalShape.cpp
         Tetrahedron.cpp
         Sphere.cpp
         Shape.cpp
         Main.cpp
         Circle.cpp
         正在生成代码...
       Link:
         D:\Visual Studio Commnity 2015\VC\bin\link.exe /ERRORREPORT:PROMPT /OUT:"D:\Documents\Visual Studio 2015\Projects\Homework-8\Debug\Homework-8.exe" /INCREMENTAL /NOLOGO kernel32.lib user32.lib gdi32.lib winspool.lib comdlg32.lib advapi32.lib shell32.lib ole32.lib oleaut32.lib uuid.lib odbc32.lib odbccp32.lib /MANIFEST /MANIFESTUAC:"level='asInvoker' uiAccess='false'" /manifest:embed /Debug /PDB:"D:\Documents\Visual Studio 2015\Projects\Homework-8\Debug\Homework-8.pdb" /SUBSYSTEM:CONSOLE /TLBID:1 /DYNAMICBASE /NXCOMPAT /IMPLIB:"D:\Documents\Visual Studio 2015\Projects\Homework-8\Debug\Homework-8.lib" /MACHINE:X86 Debug\Circle.obj
         Debug\Main.obj
         Debug\Shape.obj
         Debug\Sphere.obj
         Debug\Tetrahedron.obj
         Debug\ThreeDimensionalShape.obj
         Debug\Triangle.obj
         Debug\TwoDimensionalShape.obj
         Homework-8.vcxproj -> D:\Documents\Visual Studio 2015\Projects\Homework-8\Debug\Homework-8.exe
     1>已完成生成项目“D:\Documents\Visual Studio 2015\Projects\Homework-8\Homework-8\Homework-8.vcxproj”(Rebuild 个目标)的操作。

已成功生成。

已用时间 00:00:12.35
